<?xml version="1.0" encoding="UTF-8"?>
<!-- Generated by org.testng.reporters.JUnitReportReporter -->
<testsuite hostname="DESKTOP-1S0EMN1" failures="0" tests="1" name="draganddroptestcases.dragdroptests" time="1.231" errors="0" timestamp="2024-11-10T18:38:36 IST" skipped="0">
  <testcase classname="draganddroptestcases.dragdroptests" name="draganddrop" time="1.231"/>
  <system-out/>
</testsuite> <!-- draganddroptestcases.dragdroptests -->
